d:\dropbox\offlines\cpp\tutorials\bits\debug\bits.pch
d:\dropbox\offlines\cpp\tutorials\bits\debug\vc142.pdb
d:\dropbox\offlines\cpp\tutorials\bits\debug\vc142.idb
d:\dropbox\offlines\cpp\tutorials\bits\debug\pch.obj
d:\dropbox\offlines\cpp\tutorials\bits\debug\bits.obj
d:\gh_repo\code_cracking\cpp\bits\debug\bits.pch
d:\gh_repo\code_cracking\cpp\bits\debug\vc142.pdb
d:\gh_repo\code_cracking\cpp\bits\debug\vc142.idb
d:\gh_repo\code_cracking\cpp\bits\debug\pch.obj
d:\gh_repo\code_cracking\cpp\bits\debug\bits.obj
d:\gh_repo\code_cracking\cpp\bits\debug\bits.pdb
d:\gh_repo\code_cracking\cpp\bits\debug\bits.tlog\cl.command.1.tlog
d:\gh_repo\code_cracking\cpp\bits\debug\bits.tlog\cl.read.1.tlog
d:\gh_repo\code_cracking\cpp\bits\debug\bits.tlog\cl.write.1.tlog
d:\gh_repo\code_cracking\cpp\bits\debug\bits.tlog\link-cvtres.read.1.tlog
d:\gh_repo\code_cracking\cpp\bits\debug\bits.tlog\link-cvtres.write.1.tlog
d:\gh_repo\code_cracking\cpp\bits\debug\bits.tlog\link-rc.read.1.tlog
d:\gh_repo\code_cracking\cpp\bits\debug\bits.tlog\link-rc.write.1.tlog
d:\gh_repo\code_cracking\cpp\bits\debug\bits.tlog\link.14204-cvtres.read.1.tlog
d:\gh_repo\code_cracking\cpp\bits\debug\bits.tlog\link.14204-cvtres.write.1.tlog
d:\gh_repo\code_cracking\cpp\bits\debug\bits.tlog\link.14204-rc.read.1.tlog
d:\gh_repo\code_cracking\cpp\bits\debug\bits.tlog\link.14204-rc.write.1.tlog
d:\gh_repo\code_cracking\cpp\bits\debug\bits.tlog\link.14204.read.1.tlog
d:\gh_repo\code_cracking\cpp\bits\debug\bits.tlog\link.14204.write.1.tlog
d:\gh_repo\code_cracking\cpp\bits\debug\bits.tlog\link.command.1.tlog
d:\gh_repo\code_cracking\cpp\bits\debug\bits.tlog\link.read.1.tlog
d:\gh_repo\code_cracking\cpp\bits\debug\bits.tlog\link.write.1.tlog
